This is LuaHBTeX, Version 1.15.0 (Web2C 2022/nixos.org)  (format=lualatex 1980.1.1)  26 NOV 2023 14:35
 system commands enabled.
**assignments.tex
(./assignments.tex
LaTeX2e <2022-11-01> patch level 1
Lua module: luaotfload 2022-10-03 3.23 Lua based OpenType font support
Lua module: lualibs 2022-10-04 2.75 ConTeXt Lua standard libraries.
Lua module: lualibs-extended 2022-10-04 2.75 ConTeXt Lua libraries -- extended c
ollection.
luaotfload | conf : Root cache directory is "/home/david/.texlive2022/texmf-var/
luatex-cache/generic/names".
luaotfload | init : Loading fontloader "fontloader-2022-10-03.lua" from kpse-res
olved path "/nix/store/zmhdmwaazlk51hnn80b5kqn50ary8ckl-texlive-combined-full-20
22-final-texmfdist/tex/luatex/luaotfload/fontloader-2022-10-03.lua".
Lua-only attribute luaotfload@noligature = 1
luaotfload | init : Context OpenType loader version 3.120
Inserting `luaotfload.node_processor' in `pre_linebreak_filter'.
Inserting `luaotfload.node_processor' in `hpack_filter'.
Inserting `luaotfload.glyph_stream' in `glyph_stream_provider'.
Inserting `luaotfload.define_font' in `define_font'.
Lua-only attribute luaotfload_color_attribute = 2
luaotfload | conf : Root cache directory is "/home/david/.texlive2022/texmf-var/
luatex-cache/generic/names".
Inserting `luaotfload.harf.strip_prefix' in `find_opentype_file'.
Inserting `luaotfload.harf.strip_prefix' in `find_truetype_file'.
Removing  `luaotfload.glyph_stream' from `glyph_stream_provider'.
Inserting `luaotfload.harf.glyphstream' in `glyph_stream_provider'.
Inserting `luaotfload.harf.finalize_vlist' in `post_linebreak_filter'.
Inserting `luaotfload.harf.finalize_hlist' in `hpack_filter'.
Inserting `luaotfload.cleanup_files' in `wrapup_run'.
Inserting `luaotfload.harf.finalize_unicode' in `finish_pdffile'.
Inserting `luaotfload.glyphinfo' in `glyph_info'.
Lua-only attribute luaotfload.letterspace_done = 3
Inserting `luaotfload.aux.set_sscale_dimens' in `luaotfload.patch_font'.
Inserting `luaotfload.aux.set_font_index' in `luaotfload.patch_font'.
Inserting `luaotfload.aux.patch_cambria_domh' in `luaotfload.patch_font'.
Inserting `luaotfload.aux.fixup_fontdata' in `luaotfload.patch_font_unsafe'.
Inserting `luaotfload.aux.set_capheight' in `luaotfload.patch_font'.
Inserting `luaotfload.aux.set_xheight' in `luaotfload.patch_font'.
Inserting `luaotfload.rewrite_fontname' in `luaotfload.patch_font'. L3 programm
ing layer <2023-02-22>
Inserting `tracingstacklevels' in `input_level_string'. (./assignments.cls
Document Class: assignments 2023/08/16 Assignment LaTeX class

(/nix/store/zmhdmwaazlk51hnn80b5kqn50ary8ckl-texlive-combined-full-2022-final-t
exmfdist/tex/latex/base/article.cls
Document Class: article 2022/07/02 v1.4n Standard LaTeX document class

(/nix/store/zmhdmwaazlk51hnn80b5kqn50ary8ckl-texlive-combined-full-2022-final-t
exmfdist/tex/latex/base/size12.clo
File: size12.clo 2022/07/02 v1.4n Standard LaTeX file (size option)
luaotfload | db : Font names database loaded from /home/david/.texlive2022/texmf
-var/luatex-cache/generic/names/luaotfload-names.luc.gz)
\c@part=\count183
\c@section=\count184
\c@subsection=\count185
\c@subsubsection=\count186
\c@paragraph=\count187
\c@subparagraph=\count188
\c@figure=\count189
\c@table=\count190
\abovecaptionskip=\skip48
\belowcaptionskip=\skip49
\bibindent=\dimen139
)
(/nix/store/zmhdmwaazlk51hnn80b5kqn50ary8ckl-texlive-combined-full-2022-final-t
exmfdist/tex/latex/siunitx/siunitx.sty
Package: siunitx 2023-03-04 v3.2.2 A comprehensive (SI) units package
\l__siunitx_angle_tmp_dim=\dimen140
\l__siunitx_angle_marker_box=\box51
\l__siunitx_angle_unit_box=\box52
\l__siunitx_compound_count_int=\count191

(/nix/store/zmhdmwaazlk51hnn80b5kqn50ary8ckl-texlive-combined-full-2022-final-t
exmfdist/tex/latex/translations/translations.sty
Package: translations 2022/02/05 v1.12 internationalization of LaTeX2e packages
 (CN)

(/nix/store/zmhdmwaazlk51hnn80b5kqn50ary8ckl-texlive-combined-full-2022-final-t
exmfdist/tex/latex/etoolbox/etoolbox.sty
Package: etoolbox 2020/10/05 v2.5k e-TeX tools for LaTeX (JAW)
\etb@tempcnta=\count192
)
(/nix/store/zmhdmwaazlk51hnn80b5kqn50ary8ckl-texlive-combined-full-2022-final-t
exmfdist/tex/generic/pdftexcmds/pdftexcmds.sty
Package: pdftexcmds 2020-06-27 v0.33 Utility functions of pdfTeX for LuaTeX (HO
)

(/nix/store/zmhdmwaazlk51hnn80b5kqn50ary8ckl-texlive-combined-full-2022-final-t
exmfdist/tex/generic/infwarerr/infwarerr.sty
Package: infwarerr 2019/12/03 v1.5 Providing info/warning/error messages (HO)
)
(/nix/store/zmhdmwaazlk51hnn80b5kqn50ary8ckl-texlive-combined-full-2022-final-t
exmfdist/tex/generic/iftex/iftex.sty
Package: iftex 2022/02/03 v1.0f TeX engine tests
)
(/nix/store/zmhdmwaazlk51hnn80b5kqn50ary8ckl-texlive-combined-full-2022-final-t
exmfdist/tex/generic/ltxcmds/ltxcmds.sty
Package: ltxcmds 2020-05-10 v1.25 LaTeX kernel commands for general use (HO)
)
Package pdftexcmds Info: \pdf@primitive is available.
Package pdftexcmds Info: \pdf@ifprimitive is available.
Package pdftexcmds Info: \pdfdraftmode found.
\pdftexcmds@toks=\toks16
))
\l__siunitx_number_exponent_fixed_int=\count193
\l__siunitx_number_min_decimal_int=\count194
\l__siunitx_number_min_integer_int=\count195
\l__siunitx_number_round_precision_int=\count196
\l__siunitx_number_lower_threshold_int=\count197
\l__siunitx_number_upper_threshold_int=\count198
\l__siunitx_number_group_first_int=\count199
\l__siunitx_number_group_size_int=\count266
\l__siunitx_number_group_minimum_int=\count267

(/nix/store/zmhdmwaazlk51hnn80b5kqn50ary8ckl-texlive-combined-full-2022-final-t
exmfdist/tex/latex/amsmath/amstext.sty
Package: amstext 2021/08/26 v2.01 AMS text

(/nix/store/zmhdmwaazlk51hnn80b5kqn50ary8ckl-texlive-combined-full-2022-final-t
exmfdist/tex/latex/amsmath/amsgen.sty
File: amsgen.sty 1999/11/30 v2.0 generic functions
\@emptytoks=\toks17
\ex@=\dimen141
))
\l__siunitx_table_tmp_box=\box53
\l__siunitx_table_tmp_dim=\dimen142
\l__siunitx_table_column_width_dim=\dimen143
\l__siunitx_table_integer_box=\box54
\l__siunitx_table_decimal_box=\box55
\l__siunitx_table_uncert_box=\box56
\l__siunitx_table_before_box=\box57
\l__siunitx_table_after_box=\box58
\l__siunitx_table_before_dim=\dimen144
\l__siunitx_table_carry_dim=\dimen145
\l__siunitx_unit_tmp_int=\count268
\l__siunitx_unit_position_int=\count269
\l__siunitx_unit_total_int=\count270

(/nix/store/zmhdmwaazlk51hnn80b5kqn50ary8ckl-texlive-combined-full-2022-final-t
exmfdist/tex/latex/tools/array.sty
Package: array 2022/09/04 v2.5g Tabular extension package (FMi)
\col@sep=\dimen146
\ar@mcellbox=\box59
\extrarowheight=\dimen147
\NC@list=\toks18
\extratabsurround=\skip50
\backup@length=\skip51
\ar@cellbox=\box60
))
(/nix/store/zmhdmwaazlk51hnn80b5kqn50ary8ckl-texlive-combined-full-2022-final-t
exmfdist/tex/latex/gensymb/gensymb.sty
Package: gensymb 2022/10/17 v1.0.2 (KJH)
)
(/nix/store/zmhdmwaazlk51hnn80b5kqn50ary8ckl-texlive-combined-full-2022-final-t
exmfdist/tex/latex/setspace/setspace.sty
Package: setspace 2022/12/04 v6.7b set line spacing
)
(/nix/store/zmhdmwaazlk51hnn80b5kqn50ary8ckl-texlive-combined-full-2022-final-t
exmfdist/tex/latex/pdfpages/pdfpages.sty
Package: pdfpages 2022/12/19 v0.5x Insert pages of external PDF documents (AM)

(/nix/store/zmhdmwaazlk51hnn80b5kqn50ary8ckl-texlive-combined-full-2022-final-t
exmfdist/tex/latex/base/ifthen.sty
Package: ifthen 2022/04/13 v1.1d Standard LaTeX ifthen package (DPC)
)
(/nix/store/zmhdmwaazlk51hnn80b5kqn50ary8ckl-texlive-combined-full-2022-final-t
exmfdist/tex/latex/tools/calc.sty
Package: calc 2017/05/25 v4.3 Infix arithmetic (KKT,FJ)
\calc@Acount=\count271
\calc@Bcount=\count272
\calc@Adimen=\dimen148
\calc@Bdimen=\dimen149
\calc@Askip=\skip52
\calc@Bskip=\skip53
LaTeX Info: Redefining \setlength on input line 80.
LaTeX Info: Redefining \addtolength on input line 81.
\calc@Ccount=\count273
\calc@Cskip=\skip54
)
(/nix/store/zmhdmwaazlk51hnn80b5kqn50ary8ckl-texlive-combined-full-2022-final-t
exmfdist/tex/latex/eso-pic/eso-pic.sty
Package: eso-pic 2020/10/14 v3.0a eso-pic (RN)
\ESO@tempdima=\dimen150
\ESO@tempdimb=\dimen151

(/nix/store/zmhdmwaazlk51hnn80b5kqn50ary8ckl-texlive-combined-full-2022-final-t
exmfdist/tex/latex/graphics/keyval.sty
Package: keyval 2022/05/29 v1.15 key=value parser (DPC)
\KV@toks@=\toks19
)
(/nix/store/zmhdmwaazlk51hnn80b5kqn50ary8ckl-texlive-combined-full-2022-final-t
exmfdist/tex/latex/xcolor/xcolor.sty
Package: xcolor 2022/06/12 v2.14 LaTeX color extensions (UK)

(/nix/store/zmhdmwaazlk51hnn80b5kqn50ary8ckl-texlive-combined-full-2022-final-t
exmfdist/tex/latex/graphics-cfg/color.cfg
File: color.cfg 2016/01/02 v1.6 sample color configuration
)
Package xcolor Info: Driver file: luatex.def on input line 227.

(/nix/store/zmhdmwaazlk51hnn80b5kqn50ary8ckl-texlive-combined-full-2022-final-t
exmfdist/tex/latex/graphics-def/luatex.def
File: luatex.def 2022/09/22 v1.2d Graphics/color driver for luatex
)
(/nix/store/zmhdmwaazlk51hnn80b5kqn50ary8ckl-texlive-combined-full-2022-final-t
exmfdist/tex/latex/graphics/mathcolor.ltx)
Package xcolor Info: Model `cmy' substituted by `cmy0' on input line 1353.
Package xcolor Info: Model `hsb' substituted by `rgb' on input line 1357.
Package xcolor Info: Model `RGB' extended on input line 1369.
Package xcolor Info: Model `HTML' substituted by `rgb' on input line 1371.
Package xcolor Info: Model `Hsb' substituted by `hsb' on input line 1372.
Package xcolor Info: Model `tHsb' substituted by `hsb' on input line 1373.
Package xcolor Info: Model `HSB' substituted by `hsb' on input line 1374.
Package xcolor Info: Model `Gray' substituted by `gray' on input line 1375.
Package xcolor Info: Model `wave' substituted by `hsb' on input line 1376.
))
(/nix/store/zmhdmwaazlk51hnn80b5kqn50ary8ckl-texlive-combined-full-2022-final-t
exmfdist/tex/latex/graphics/graphicx.sty
Package: graphicx 2021/09/16 v1.2d Enhanced LaTeX Graphics (DPC,SPQR)

(/nix/store/zmhdmwaazlk51hnn80b5kqn50ary8ckl-texlive-combined-full-2022-final-t
exmfdist/tex/latex/graphics/graphics.sty
Package: graphics 2022/03/10 v1.4e Standard LaTeX Graphics (DPC,SPQR)

(/nix/store/zmhdmwaazlk51hnn80b5kqn50ary8ckl-texlive-combined-full-2022-final-t
exmfdist/tex/latex/graphics/trig.sty
Package: trig 2021/08/11 v1.11 sin cos tan (DPC)
)
(/nix/store/zmhdmwaazlk51hnn80b5kqn50ary8ckl-texlive-combined-full-2022-final-t
exmfdist/tex/latex/graphics-cfg/graphics.cfg
File: graphics.cfg 2016/06/04 v1.11 sample graphics configuration
)
Package graphics Info: Driver file: luatex.def on input line 107.
)
\Gin@req@height=\dimen152
\Gin@req@width=\dimen153
)
\AM@pagewidth=\dimen154
\AM@pageheight=\dimen155
\AM@fboxrule=\dimen156

(/nix/store/zmhdmwaazlk51hnn80b5kqn50ary8ckl-texlive-combined-full-2022-final-t
exmfdist/tex/latex/pdfpages/ppluatex.def
File: ppluatex.def 2022/12/19 v0.5x Pdfpages driver for LuaTeX (AM)
)
\pdfpages@includegraphics@status=\count274
\AM@pagebox=\box61
\AM@global@opts=\toks20
\AM@pagecnt=\count275
\AM@toc@title=\toks21
\AM@lof@heading=\toks22
\c@AM@survey=\count276
\AM@templatesizebox=\box62
)
(/nix/store/zmhdmwaazlk51hnn80b5kqn50ary8ckl-texlive-combined-full-2022-final-t
exmfdist/tex/latex/geometry/geometry.sty
Package: geometry 2020/01/02 v5.9 Page Geometry

(/nix/store/zmhdmwaazlk51hnn80b5kqn50ary8ckl-texlive-combined-full-2022-final-t
exmfdist/tex/generic/iftex/ifvtex.sty
Package: ifvtex 2019/10/25 v1.7 ifvtex legacy package. Use iftex instead.
)
\Gm@cnth=\count277
\Gm@cntv=\count278
\c@Gm@tempcnt=\count279
\Gm@bindingoffset=\dimen157
\Gm@wd@mp=\dimen158
\Gm@odd@mp=\dimen159
\Gm@even@mp=\dimen160
\Gm@layoutwidth=\dimen161
\Gm@layoutheight=\dimen162
\Gm@layouthoffset=\dimen163
\Gm@layoutvoffset=\dimen164
\Gm@dimlist=\toks23
)
(/nix/store/zmhdmwaazlk51hnn80b5kqn50ary8ckl-texlive-combined-full-2022-final-t
exmfdist/tex/latex/tcolorbox/tcolorbox.sty
Package: tcolorbox 2023/02/12 version 6.0.1 text color boxes

(/nix/store/zmhdmwaazlk51hnn80b5kqn50ary8ckl-texlive-combined-full-2022-final-t
exmfdist/tex/latex/pgf/basiclayer/pgf.sty
(/nix/store/zmhdmwaazlk51hnn80b5kqn50ary8ckl-texlive-combined-full-2022-final-t
exmfdist/tex/latex/pgf/utilities/pgfrcs.sty
(/nix/store/zmhdmwaazlk51hnn80b5kqn50ary8ckl-texlive-combined-full-2022-final-t
exmfdist/tex/generic/pgf/utilities/pgfutil-common.tex
\pgfutil@everybye=\toks24
\pgfutil@tempdima=\dimen165
\pgfutil@tempdimb=\dimen166
)
(/nix/store/zmhdmwaazlk51hnn80b5kqn50ary8ckl-texlive-combined-full-2022-final-t
exmfdist/tex/generic/pgf/utilities/pgfutil-latex.def
\pgfutil@abb=\box63
)
(/nix/store/zmhdmwaazlk51hnn80b5kqn50ary8ckl-texlive-combined-full-2022-final-t
exmfdist/tex/generic/pgf/utilities/pgfrcs.code.tex
(/nix/store/zmhdmwaazlk51hnn80b5kqn50ary8ckl-texlive-combined-full-2022-final-t
exmfdist/tex/generic/pgf/pgf.revision.tex)
Package: pgfrcs 2023-01-15 v3.1.10 (3.1.10)
))
Package: pgf 2023-01-15 v3.1.10 (3.1.10)

(/nix/store/zmhdmwaazlk51hnn80b5kqn50ary8ckl-texlive-combined-full-2022-final-t
exmfdist/tex/latex/pgf/basiclayer/pgfcore.sty
(/nix/store/zmhdmwaazlk51hnn80b5kqn50ary8ckl-texlive-combined-full-2022-final-t
exmfdist/tex/latex/pgf/systemlayer/pgfsys.sty
(/nix/store/zmhdmwaazlk51hnn80b5kqn50ary8ckl-texlive-combined-full-2022-final-t
exmfdist/tex/generic/pgf/systemlayer/pgfsys.code.tex
Package: pgfsys 2023-01-15 v3.1.10 (3.1.10)

(/nix/store/zmhdmwaazlk51hnn80b5kqn50ary8ckl-texlive-combined-full-2022-final-t
exmfdist/tex/generic/pgf/utilities/pgfkeys.code.tex
\pgfkeys@pathtoks=\toks25
\pgfkeys@temptoks=\toks26

(/nix/store/zmhdmwaazlk51hnn80b5kqn50ary8ckl-texlive-combined-full-2022-final-t
exmfdist/tex/generic/pgf/utilities/pgfkeyslibraryfiltered.code.tex
\pgfkeys@tmptoks=\toks27
))
\pgf@x=\dimen167
\pgf@y=\dimen168
\pgf@xa=\dimen169
\pgf@ya=\dimen170
\pgf@xb=\dimen171
\pgf@yb=\dimen172
\pgf@xc=\dimen173
\pgf@yc=\dimen174
\pgf@xd=\dimen175
\pgf@yd=\dimen176
\w@pgf@writea=\write3
\r@pgf@reada=\read2
\c@pgf@counta=\count280
\c@pgf@countb=\count281
\c@pgf@countc=\count282
\c@pgf@countd=\count283
\t@pgf@toka=\toks28
\t@pgf@tokb=\toks29
\t@pgf@tokc=\toks30
\pgf@sys@id@count=\count284

(/nix/store/zmhdmwaazlk51hnn80b5kqn50ary8ckl-texlive-combined-full-2022-final-t
exmfdist/tex/generic/pgf/systemlayer/pgf.cfg
File: pgf.cfg 2023-01-15 v3.1.10 (3.1.10)
)
Driver file for pgf: pgfsys-luatex.def

(/nix/store/zmhdmwaazlk51hnn80b5kqn50ary8ckl-texlive-combined-full-2022-final-t
exmfdist/tex/generic/pgf/systemlayer/pgfsys-luatex.def
File: pgfsys-luatex.def 2023-01-15 v3.1.10 (3.1.10)

(/nix/store/zmhdmwaazlk51hnn80b5kqn50ary8ckl-texlive-combined-full-2022-final-t
exmfdist/tex/generic/pgf/systemlayer/pgfsys-common-pdf.def
File: pgfsys-common-pdf.def 2023-01-15 v3.1.10 (3.1.10)
)))
(/nix/store/zmhdmwaazlk51hnn80b5kqn50ary8ckl-texlive-combined-full-2022-final-t
exmfdist/tex/generic/pgf/systemlayer/pgfsyssoftpath.code.tex
File: pgfsyssoftpath.code.tex 2023-01-15 v3.1.10 (3.1.10)
\pgfsyssoftpath@smallbuffer@items=\count285
\pgfsyssoftpath@bigbuffer@items=\count286
)
(/nix/store/zmhdmwaazlk51hnn80b5kqn50ary8ckl-texlive-combined-full-2022-final-t
exmfdist/tex/generic/pgf/systemlayer/pgfsysprotocol.code.tex
File: pgfsysprotocol.code.tex 2023-01-15 v3.1.10 (3.1.10)
))
(/nix/store/zmhdmwaazlk51hnn80b5kqn50ary8ckl-texlive-combined-full-2022-final-t
exmfdist/tex/generic/pgf/basiclayer/pgfcore.code.tex
Package: pgfcore 2023-01-15 v3.1.10 (3.1.10)

(/nix/store/zmhdmwaazlk51hnn80b5kqn50ary8ckl-texlive-combined-full-2022-final-t
exmfdist/tex/generic/pgf/math/pgfmath.code.tex
(/nix/store/zmhdmwaazlk51hnn80b5kqn50ary8ckl-texlive-combined-full-2022-final-t
exmfdist/tex/generic/pgf/math/pgfmathutil.code.tex)
(/nix/store/zmhdmwaazlk51hnn80b5kqn50ary8ckl-texlive-combined-full-2022-final-t
exmfdist/tex/generic/pgf/math/pgfmathparser.code.tex
\pgfmath@dimen=\dimen177
\pgfmath@count=\count287
\pgfmath@box=\box64
\pgfmath@toks=\toks31
\pgfmath@stack@operand=\toks32
\pgfmath@stack@operation=\toks33
)
(/nix/store/zmhdmwaazlk51hnn80b5kqn50ary8ckl-texlive-combined-full-2022-final-t
exmfdist/tex/generic/pgf/math/pgfmathfunctions.code.tex)
(/nix/store/zmhdmwaazlk51hnn80b5kqn50ary8ckl-texlive-combined-full-2022-final-t
exmfdist/tex/generic/pgf/math/pgfmathfunctions.basic.code.tex)
(/nix/store/zmhdmwaazlk51hnn80b5kqn50ary8ckl-texlive-combined-full-2022-final-t
exmfdist/tex/generic/pgf/math/pgfmathfunctions.trigonometric.code.tex)
(/nix/store/zmhdmwaazlk51hnn80b5kqn50ary8ckl-texlive-combined-full-2022-final-t
exmfdist/tex/generic/pgf/math/pgfmathfunctions.random.code.tex)
(/nix/store/zmhdmwaazlk51hnn80b5kqn50ary8ckl-texlive-combined-full-2022-final-t
exmfdist/tex/generic/pgf/math/pgfmathfunctions.comparison.code.tex)
(/nix/store/zmhdmwaazlk51hnn80b5kqn50ary8ckl-texlive-combined-full-2022-final-t
exmfdist/tex/generic/pgf/math/pgfmathfunctions.base.code.tex)
(/nix/store/zmhdmwaazlk51hnn80b5kqn50ary8ckl-texlive-combined-full-2022-final-t
exmfdist/tex/generic/pgf/math/pgfmathfunctions.round.code.tex)
(/nix/store/zmhdmwaazlk51hnn80b5kqn50ary8ckl-texlive-combined-full-2022-final-t
exmfdist/tex/generic/pgf/math/pgfmathfunctions.misc.code.tex)
(/nix/store/zmhdmwaazlk51hnn80b5kqn50ary8ckl-texlive-combined-full-2022-final-t
exmfdist/tex/generic/pgf/math/pgfmathfunctions.integerarithmetics.code.tex)
(/nix/store/zmhdmwaazlk51hnn80b5kqn50ary8ckl-texlive-combined-full-2022-final-t
exmfdist/tex/generic/pgf/math/pgfmathcalc.code.tex)
(/nix/store/zmhdmwaazlk51hnn80b5kqn50ary8ckl-texlive-combined-full-2022-final-t
exmfdist/tex/generic/pgf/math/pgfmathfloat.code.tex
\c@pgfmathroundto@lastzeros=\count288
))
(/nix/store/zmhdmwaazlk51hnn80b5kqn50ary8ckl-texlive-combined-full-2022-final-t
exmfdist/tex/generic/pgf/math/pgfint.code.tex)
(/nix/store/zmhdmwaazlk51hnn80b5kqn50ary8ckl-texlive-combined-full-2022-final-t
exmfdist/tex/generic/pgf/basiclayer/pgfcorepoints.code.tex
File: pgfcorepoints.code.tex 2023-01-15 v3.1.10 (3.1.10)
\pgf@picminx=\dimen178
\pgf@picmaxx=\dimen179
\pgf@picminy=\dimen180
\pgf@picmaxy=\dimen181
\pgf@pathminx=\dimen182
\pgf@pathmaxx=\dimen183
\pgf@pathminy=\dimen184
\pgf@pathmaxy=\dimen185
\pgf@xx=\dimen186
\pgf@xy=\dimen187
\pgf@yx=\dimen188
\pgf@yy=\dimen189
\pgf@zx=\dimen190
\pgf@zy=\dimen191
)
(/nix/store/zmhdmwaazlk51hnn80b5kqn50ary8ckl-texlive-combined-full-2022-final-t
exmfdist/tex/generic/pgf/basiclayer/pgfcorepathconstruct.code.tex
File: pgfcorepathconstruct.code.tex 2023-01-15 v3.1.10 (3.1.10)
\pgf@path@lastx=\dimen192
\pgf@path@lasty=\dimen193
)
(/nix/store/zmhdmwaazlk51hnn80b5kqn50ary8ckl-texlive-combined-full-2022-final-t
exmfdist/tex/generic/pgf/basiclayer/pgfcorepathusage.code.tex
File: pgfcorepathusage.code.tex 2023-01-15 v3.1.10 (3.1.10)
\pgf@shorten@end@additional=\dimen194
\pgf@shorten@start@additional=\dimen195
)
(/nix/store/zmhdmwaazlk51hnn80b5kqn50ary8ckl-texlive-combined-full-2022-final-t
exmfdist/tex/generic/pgf/basiclayer/pgfcorescopes.code.tex
File: pgfcorescopes.code.tex 2023-01-15 v3.1.10 (3.1.10)
\pgfpic=\box65
\pgf@hbox=\box66
\pgf@layerbox@main=\box67
\pgf@picture@serial@count=\count289
)
(/nix/store/zmhdmwaazlk51hnn80b5kqn50ary8ckl-texlive-combined-full-2022-final-t
exmfdist/tex/generic/pgf/basiclayer/pgfcoregraphicstate.code.tex
File: pgfcoregraphicstate.code.tex 2023-01-15 v3.1.10 (3.1.10)
\pgflinewidth=\dimen196
)
(/nix/store/zmhdmwaazlk51hnn80b5kqn50ary8ckl-texlive-combined-full-2022-final-t
exmfdist/tex/generic/pgf/basiclayer/pgfcoretransformations.code.tex
File: pgfcoretransformations.code.tex 2023-01-15 v3.1.10 (3.1.10)
\pgf@pt@x=\dimen197
\pgf@pt@y=\dimen198
\pgf@pt@temp=\dimen199
)
(/nix/store/zmhdmwaazlk51hnn80b5kqn50ary8ckl-texlive-combined-full-2022-final-t
exmfdist/tex/generic/pgf/basiclayer/pgfcorequick.code.tex
File: pgfcorequick.code.tex 2023-01-15 v3.1.10 (3.1.10)
)
(/nix/store/zmhdmwaazlk51hnn80b5kqn50ary8ckl-texlive-combined-full-2022-final-t
exmfdist/tex/generic/pgf/basiclayer/pgfcoreobjects.code.tex
File: pgfcoreobjects.code.tex 2023-01-15 v3.1.10 (3.1.10)
)
(/nix/store/zmhdmwaazlk51hnn80b5kqn50ary8ckl-texlive-combined-full-2022-final-t
exmfdist/tex/generic/pgf/basiclayer/pgfcorepathprocessing.code.tex
File: pgfcorepathprocessing.code.tex 2023-01-15 v3.1.10 (3.1.10)
)
(/nix/store/zmhdmwaazlk51hnn80b5kqn50ary8ckl-texlive-combined-full-2022-final-t
exmfdist/tex/generic/pgf/basiclayer/pgfcorearrows.code.tex
File: pgfcorearrows.code.tex 2023-01-15 v3.1.10 (3.1.10)
\pgfarrowsep=\dimen256
)
(/nix/store/zmhdmwaazlk51hnn80b5kqn50ary8ckl-texlive-combined-full-2022-final-t
exmfdist/tex/generic/pgf/basiclayer/pgfcoreshade.code.tex
File: pgfcoreshade.code.tex 2023-01-15 v3.1.10 (3.1.10)
\pgf@max=\dimen257
\pgf@sys@shading@range@num=\count290
\pgf@shadingcount=\count291
)
(/nix/store/zmhdmwaazlk51hnn80b5kqn50ary8ckl-texlive-combined-full-2022-final-t
exmfdist/tex/generic/pgf/basiclayer/pgfcoreimage.code.tex
File: pgfcoreimage.code.tex 2023-01-15 v3.1.10 (3.1.10)
)
(/nix/store/zmhdmwaazlk51hnn80b5kqn50ary8ckl-texlive-combined-full-2022-final-t
exmfdist/tex/generic/pgf/basiclayer/pgfcoreexternal.code.tex
File: pgfcoreexternal.code.tex 2023-01-15 v3.1.10 (3.1.10)
\pgfexternal@startupbox=\box68
)
(/nix/store/zmhdmwaazlk51hnn80b5kqn50ary8ckl-texlive-combined-full-2022-final-t
exmfdist/tex/generic/pgf/basiclayer/pgfcorelayers.code.tex
File: pgfcorelayers.code.tex 2023-01-15 v3.1.10 (3.1.10)
)
(/nix/store/zmhdmwaazlk51hnn80b5kqn50ary8ckl-texlive-combined-full-2022-final-t
exmfdist/tex/generic/pgf/basiclayer/pgfcoretransparency.code.tex
File: pgfcoretransparency.code.tex 2023-01-15 v3.1.10 (3.1.10)
)
(/nix/store/zmhdmwaazlk51hnn80b5kqn50ary8ckl-texlive-combined-full-2022-final-t
exmfdist/tex/generic/pgf/basiclayer/pgfcorepatterns.code.tex
File: pgfcorepatterns.code.tex 2023-01-15 v3.1.10 (3.1.10)
)
(/nix/store/zmhdmwaazlk51hnn80b5kqn50ary8ckl-texlive-combined-full-2022-final-t
exmfdist/tex/generic/pgf/basiclayer/pgfcorerdf.code.tex
File: pgfcorerdf.code.tex 2023-01-15 v3.1.10 (3.1.10)
)))
(/nix/store/zmhdmwaazlk51hnn80b5kqn50ary8ckl-texlive-combined-full-2022-final-t
exmfdist/tex/generic/pgf/modules/pgfmoduleshapes.code.tex
File: pgfmoduleshapes.code.tex 2023-01-15 v3.1.10 (3.1.10)
\pgfnodeparttextbox=\box69
)
(/nix/store/zmhdmwaazlk51hnn80b5kqn50ary8ckl-texlive-combined-full-2022-final-t
exmfdist/tex/generic/pgf/modules/pgfmoduleplot.code.tex
File: pgfmoduleplot.code.tex 2023-01-15 v3.1.10 (3.1.10)
)
(/nix/store/zmhdmwaazlk51hnn80b5kqn50ary8ckl-texlive-combined-full-2022-final-t
exmfdist/tex/latex/pgf/compatibility/pgfcomp-version-0-65.sty
Package: pgfcomp-version-0-65 2023-01-15 v3.1.10 (3.1.10)
\pgf@nodesepstart=\dimen258
\pgf@nodesepend=\dimen259
)
(/nix/store/zmhdmwaazlk51hnn80b5kqn50ary8ckl-texlive-combined-full-2022-final-t
exmfdist/tex/latex/pgf/compatibility/pgfcomp-version-1-18.sty
Package: pgfcomp-version-1-18 2023-01-15 v3.1.10 (3.1.10)
))
(/nix/store/zmhdmwaazlk51hnn80b5kqn50ary8ckl-texlive-combined-full-2022-final-t
exmfdist/tex/latex/tools/verbatim.sty
Package: verbatim 2022-07-02 v1.5u LaTeX2e package for verbatim enhancements
\every@verbatim=\toks34
\verbatim@line=\toks35
\verbatim@in@stream=\read3
)
(/nix/store/zmhdmwaazlk51hnn80b5kqn50ary8ckl-texlive-combined-full-2022-final-t
exmfdist/tex/latex/environ/environ.sty
Package: environ 2014/05/04 v0.3 A new way to define environments

(/nix/store/zmhdmwaazlk51hnn80b5kqn50ary8ckl-texlive-combined-full-2022-final-t
exmfdist/tex/latex/trimspaces/trimspaces.sty
Package: trimspaces 2009/09/17 v1.1 Trim spaces around a token list
)
\@envbody=\toks36
)
\tcb@titlebox=\box70
\tcb@upperbox=\box71
\tcb@lowerbox=\box72
\tcb@phantombox=\box73
\c@tcbbreakpart=\count292
\c@tcblayer=\count293
\c@tcolorbox@number=\count294
\tcb@temp=\box74
\tcb@temp=\box75
\tcb@temp=\box76
\tcb@temp=\box77

(/nix/store/zmhdmwaazlk51hnn80b5kqn50ary8ckl-texlive-combined-full-2022-final-t
exmfdist/tex/latex/tcolorbox/tcbraster.code.tex
Library (tcolorbox): 'tcbraster.code.tex' version '6.0.1'
\c@tcbrastercolumn=\count295
\c@tcbrasterrow=\count296
\c@tcbrasternum=\count297
\c@tcbraster=\count298
)
(/nix/store/zmhdmwaazlk51hnn80b5kqn50ary8ckl-texlive-combined-full-2022-final-t
exmfdist/tex/latex/tcolorbox/tcbskins.code.tex
Library (tcolorbox): 'tcbskins.code.tex' version '6.0.1'

(/nix/store/zmhdmwaazlk51hnn80b5kqn50ary8ckl-texlive-combined-full-2022-final-t
exmfdist/tex/latex/pgf/frontendlayer/tikz.sty
(/nix/store/zmhdmwaazlk51hnn80b5kqn50ary8ckl-texlive-combined-full-2022-final-t
exmfdist/tex/latex/pgf/utilities/pgffor.sty
(/nix/store/zmhdmwaazlk51hnn80b5kqn50ary8ckl-texlive-combined-full-2022-final-t
exmfdist/tex/latex/pgf/utilities/pgfkeys.sty
(/nix/store/zmhdmwaazlk51hnn80b5kqn50ary8ckl-texlive-combined-full-2022-final-t
exmfdist/tex/generic/pgf/utilities/pgfkeys.code.tex))
(/nix/store/zmhdmwaazlk51hnn80b5kqn50ary8ckl-texlive-combined-full-2022-final-t
exmfdist/tex/latex/pgf/math/pgfmath.sty
(/nix/store/zmhdmwaazlk51hnn80b5kqn50ary8ckl-texlive-combined-full-2022-final-t
exmfdist/tex/generic/pgf/math/pgfmath.code.tex))
(/nix/store/zmhdmwaazlk51hnn80b5kqn50ary8ckl-texlive-combined-full-2022-final-t
exmfdist/tex/generic/pgf/utilities/pgffor.code.tex
Package: pgffor 2023-01-15 v3.1.10 (3.1.10)
\pgffor@iter=\dimen260
\pgffor@skip=\dimen261
\pgffor@stack=\toks37
\pgffor@toks=\toks38
))
(/nix/store/zmhdmwaazlk51hnn80b5kqn50ary8ckl-texlive-combined-full-2022-final-t
exmfdist/tex/generic/pgf/frontendlayer/tikz/tikz.code.tex
Package: tikz 2023-01-15 v3.1.10 (3.1.10)

(/nix/store/zmhdmwaazlk51hnn80b5kqn50ary8ckl-texlive-combined-full-2022-final-t
exmfdist/tex/generic/pgf/libraries/pgflibraryplothandlers.code.tex
File: pgflibraryplothandlers.code.tex 2023-01-15 v3.1.10 (3.1.10)
\pgf@plot@mark@count=\count299
\pgfplotmarksize=\dimen262
)
\tikz@lastx=\dimen263
\tikz@lasty=\dimen264
\tikz@lastxsaved=\dimen265
\tikz@lastysaved=\dimen266
\tikz@lastmovetox=\dimen267
\tikz@lastmovetoy=\dimen268
\tikzleveldistance=\dimen269
\tikzsiblingdistance=\dimen270
\tikz@figbox=\box78
\tikz@figbox@bg=\box79
\tikz@tempbox=\box80
\tikz@tempbox@bg=\box81
\tikztreelevel=\count300
\tikznumberofchildren=\count301
\tikznumberofcurrentchild=\count302
\tikz@fig@count=\count303

(/nix/store/zmhdmwaazlk51hnn80b5kqn50ary8ckl-texlive-combined-full-2022-final-t
exmfdist/tex/generic/pgf/modules/pgfmodulematrix.code.tex
File: pgfmodulematrix.code.tex 2023-01-15 v3.1.10 (3.1.10)
\pgfmatrixcurrentrow=\count304
\pgfmatrixcurrentcolumn=\count305
\pgf@matrix@numberofcolumns=\count306
)
\tikz@expandcount=\count307

(/nix/store/zmhdmwaazlk51hnn80b5kqn50ary8ckl-texlive-combined-full-2022-final-t
exmfdist/tex/generic/pgf/frontendlayer/tikz/libraries/tikzlibrarytopaths.code.t
ex
File: tikzlibrarytopaths.code.tex 2023-01-15 v3.1.10 (3.1.10)
)))
(/nix/store/zmhdmwaazlk51hnn80b5kqn50ary8ckl-texlive-combined-full-2022-final-t
exmfdist/tex/latex/tikzfill/tikzfill.image.sty
Package: tikzfill.image 2022/07/20 v1.0.0 Image filling library for TikZ

(/nix/store/zmhdmwaazlk51hnn80b5kqn50ary8ckl-texlive-combined-full-2022-final-t
exmfdist/tex/latex/tikzfill/tikzfill-common.sty
Package: tikzfill-common 2022/07/20 v1.0.0 Auxiliary code for tikzfill
)
(/nix/store/zmhdmwaazlk51hnn80b5kqn50ary8ckl-texlive-combined-full-2022-final-t
exmfdist/tex/latex/tikzfill/tikzlibraryfill.image.code.tex
File: tikzlibraryfill.image.code.tex 2022/07/20 v1.0.0 Image filling library
\l__tikzfill_img_box=\box82
))
(/nix/store/zmhdmwaazlk51hnn80b5kqn50ary8ckl-texlive-combined-full-2022-final-t
exmfdist/tex/latex/tcolorbox/tcbskinsjigsaw.code.tex
Library (tcolorbox): 'tcbskinsjigsaw.code.tex' version '6.0.1'
))
(/nix/store/zmhdmwaazlk51hnn80b5kqn50ary8ckl-texlive-combined-full-2022-final-t
exmfdist/tex/latex/tcolorbox/tcbbreakable.code.tex
Library (tcolorbox): 'tcbbreakable.code.tex' version '6.0.1'

(/nix/store/zmhdmwaazlk51hnn80b5kqn50ary8ckl-texlive-combined-full-2022-final-t
exmfdist/tex/latex/pdfcol/pdfcol.sty
Package: pdfcol 2022-09-21 v1.7 Handle new color stacks for pdfTeX (HO)
)
Package pdfcol Info: New color stack `tcb@breakable' = 1 on input line 23.
\tcb@testbox=\box83
\tcb@totalupperbox=\box84
\tcb@totallowerbox=\box85

(/nix/store/zmhdmwaazlk51hnn80b5kqn50ary8ckl-texlive-combined-full-2022-final-t
exmfdist/tex/generic/iftex/ifluatex.sty
Package: ifluatex 2019/10/25 v1.5 ifluatex legacy package. Use iftex instead.
))
(/nix/store/zmhdmwaazlk51hnn80b5kqn50ary8ckl-texlive-combined-full-2022-final-t
exmfdist/tex/latex/tcolorbox/tcbhooks.code.tex
Library (tcolorbox): 'tcbhooks.code.tex' version '6.0.1'
)
(/nix/store/zmhdmwaazlk51hnn80b5kqn50ary8ckl-texlive-combined-full-2022-final-t
exmfdist/tex/latex/tcolorbox/tcbtheorems.code.tex
Library (tcolorbox): 'tcbtheorems.code.tex' version '6.0.1'

(/nix/store/zmhdmwaazlk51hnn80b5kqn50ary8ckl-texlive-combined-full-2022-final-t
exmfdist/tex/latex/amsmath/amsmath.sty
Package: amsmath 2022/04/08 v2.17n AMS math features
\@mathmargin=\skip55

For additional information on amsmath, use the `?' option.

(/nix/store/zmhdmwaazlk51hnn80b5kqn50ary8ckl-texlive-combined-full-2022-final-t
exmfdist/tex/latex/amsmath/amsbsy.sty
Package: amsbsy 1999/11/29 v1.2d Bold Symbols
\pmbraise@=\dimen271
)
(/nix/store/zmhdmwaazlk51hnn80b5kqn50ary8ckl-texlive-combined-full-2022-final-t
exmfdist/tex/latex/amsmath/amsopn.sty
Package: amsopn 2022/04/08 v2.04 operator names
)
\inf@bad=\count308
LaTeX Info: Redefining \frac on input line 236.
\uproot@=\count309
\leftroot@=\count310
LaTeX Info: Redefining \overline on input line 399.
LaTeX Info: Redefining \colon on input line 410.
\classnum@=\count311
\DOTSCASE@=\count312
LaTeX Info: Redefining \ldots on input line 496.
LaTeX Info: Redefining \dots on input line 499.
LaTeX Info: Redefining \cdots on input line 620.
\Mathstrutbox@=\box86
\strutbox@=\box87
LaTeX Info: Redefining \big on input line 722.
LaTeX Info: Redefining \Big on input line 723.
LaTeX Info: Redefining \bigg on input line 724.
LaTeX Info: Redefining \Bigg on input line 725.
\big@size=\dimen272
LaTeX Font Info:    Redeclaring font encoding OML on input line 743.
LaTeX Font Info:    Redeclaring font encoding OMS on input line 744.
\macc@depth=\count313
LaTeX Info: Redefining \bmod on input line 905.
LaTeX Info: Redefining \pmod on input line 910.
LaTeX Info: Redefining \smash on input line 940.
LaTeX Info: Redefining \relbar on input line 970.
LaTeX Info: Redefining \Relbar on input line 971.
\c@MaxMatrixCols=\count314
\dotsspace@=\muskip16
\c@parentequation=\count315
\dspbrk@lvl=\count316
\tag@help=\toks39
\row@=\count317
\column@=\count318
\maxfields@=\count319
\andhelp@=\toks40
\eqnshift@=\dimen273
\alignsep@=\dimen274
\tagshift@=\dimen275
\tagwidth@=\dimen276
\totwidth@=\dimen277
\lineht@=\dimen278
\@envbody=\toks41
\multlinegap=\skip56
\multlinetaggap=\skip57
\mathdisplay@stack=\toks42
LaTeX Info: Redefining \[ on input line 2953.
LaTeX Info: Redefining \] on input line 2954.
))
(/nix/store/zmhdmwaazlk51hnn80b5kqn50ary8ckl-texlive-combined-full-2022-final-t
exmfdist/tex/latex/tcolorbox/tcbfitting.code.tex
Library (tcolorbox): 'tcbfitting.code.tex' version '6.0.1'
\tcbfitdim=\dimen279
\tcb@lowerfitdim=\dimen280
\tcb@upperfitdim=\dimen281
\tcb@cur@hbadness=\count320
)
(/nix/store/zmhdmwaazlk51hnn80b5kqn50ary8ckl-texlive-combined-full-2022-final-t
exmfdist/tex/latex/tcolorbox/tcblistingsutf8.code.tex
Library (tcolorbox): 'tcblistingsutf8.code.tex' version '6.0.1'

(/nix/store/zmhdmwaazlk51hnn80b5kqn50ary8ckl-texlive-combined-full-2022-final-t
exmfdist/tex/latex/tcolorbox/tcblistings.code.tex
Library (tcolorbox): 'tcblistings.code.tex' version '6.0.1'

(/nix/store/zmhdmwaazlk51hnn80b5kqn50ary8ckl-texlive-combined-full-2022-final-t
exmfdist/tex/latex/listings/listings.sty
\lst@mode=\count321
\lst@gtempboxa=\box88
\lst@token=\toks43
\lst@length=\count322
\lst@currlwidth=\dimen282
\lst@column=\count323
\lst@pos=\count324
\lst@lostspace=\dimen283
\lst@width=\dimen284
\lst@newlines=\count325
\lst@lineno=\count326
\lst@maxwidth=\dimen285

(/nix/store/zmhdmwaazlk51hnn80b5kqn50ary8ckl-texlive-combined-full-2022-final-t
exmfdist/tex/latex/listings/lstmisc.sty
File: lstmisc.sty 2023/02/27 1.9 (Carsten Heinz)
\c@lstnumber=\count327
\lst@skipnumbers=\count328
\lst@framebox=\box89
)
(/nix/store/zmhdmwaazlk51hnn80b5kqn50ary8ckl-texlive-combined-full-2022-final-t
exmfdist/tex/latex/listings/listings.cfg
File: listings.cfg 2023/02/27 1.9 listings configuration
))
Package: listings 2023/02/27 1.9 (Carsten Heinz)

(/nix/store/zmhdmwaazlk51hnn80b5kqn50ary8ckl-texlive-combined-full-2022-final-t
exmfdist/tex/latex/tcolorbox/tcblistingscore.code.tex
Library (tcolorbox): 'tcblistingscore.code.tex' version '6.0.1'

(/nix/store/zmhdmwaazlk51hnn80b5kqn50ary8ckl-texlive-combined-full-2022-final-t
exmfdist/tex/latex/tcolorbox/tcbprocessing.code.tex
Library (tcolorbox): 'tcbprocessing.code.tex' version '6.0.1'

(/nix/store/zmhdmwaazlk51hnn80b5kqn50ary8ckl-texlive-combined-full-2022-final-t
exmfdist/tex/latex/tools/shellesc.sty
Package: shellesc 2019/11/08 v1.0c unified shell escape interface for LaTeX
Package shellesc Info: Unrestricted shell escape enabled on input line 75.
))
\c@tcblisting=\count329
))
Package tcolorbox Info: Library `listingsutf8' is compatible with pdftex only. 
Library `listings` is loaded instead. on input line 29.
)
(/nix/store/zmhdmwaazlk51hnn80b5kqn50ary8ckl-texlive-combined-full-2022-final-t
exmfdist/tex/latex/tcolorbox/tcbexternal.code.tex
Library (tcolorbox): 'tcbexternal.code.tex' version '6.0.1'
)
(/nix/store/zmhdmwaazlk51hnn80b5kqn50ary8ckl-texlive-combined-full-2022-final-t
exmfdist/tex/latex/tcolorbox/tcbmagazine.code.tex
Library (tcolorbox): 'tcbmagazine.code.tex' version '6.0.1'
)
(/nix/store/zmhdmwaazlk51hnn80b5kqn50ary8ckl-texlive-combined-full-2022-final-t
exmfdist/tex/latex/tcolorbox/tcbvignette.code.tex
Library (tcolorbox): 'tcbvignette.code.tex' version '6.0.1'

(/nix/store/zmhdmwaazlk51hnn80b5kqn50ary8ckl-texlive-combined-full-2022-final-t
exmfdist/tex/generic/pgf/frontendlayer/tikz/libraries/tikzlibraryfadings.code.t
ex
File: tikzlibraryfadings.code.tex 2023-01-15 v3.1.10 (3.1.10)

(/nix/store/zmhdmwaazlk51hnn80b5kqn50ary8ckl-texlive-combined-full-2022-final-t
exmfdist/tex/generic/pgf/libraries/pgflibraryfadings.code.tex
File: pgflibraryfadings.code.tex 2023-01-15 v3.1.10 (3.1.10)
)))
(/nix/store/zmhdmwaazlk51hnn80b5kqn50ary8ckl-texlive-combined-full-2022-final-t
exmfdist/tex/latex/tcolorbox/tcbposter.code.tex
Library (tcolorbox): 'tcbposter.code.tex' version '6.0.1'
))
(/nix/store/zmhdmwaazlk51hnn80b5kqn50ary8ckl-texlive-combined-full-2022-final-t
exmfdist/tex/latex/minted/minted.sty
Package: minted 2022/12/12 v2.7 Yet another Pygments shim for LaTeX

(/nix/store/zmhdmwaazlk51hnn80b5kqn50ary8ckl-texlive-combined-full-2022-final-t
exmfdist/tex/latex/kvoptions/kvoptions.sty
Package: kvoptions 2022-06-15 v3.15 Key value format for package options (HO)

(/nix/store/zmhdmwaazlk51hnn80b5kqn50ary8ckl-texlive-combined-full-2022-final-t
exmfdist/tex/latex/kvsetkeys/kvsetkeys.sty
Package: kvsetkeys 2022-10-05 v1.19 Key value parser (HO)
))
(/nix/store/zmhdmwaazlk51hnn80b5kqn50ary8ckl-texlive-combined-full-2022-final-t
exmfdist/tex/latex/fvextra/fvextra.sty
Package: fvextra 2022/11/30 v1.5 fvextra - extensions and patches for fancyvrb

(/nix/store/zmhdmwaazlk51hnn80b5kqn50ary8ckl-texlive-combined-full-2022-final-t
exmfdist/tex/latex/fancyvrb/fancyvrb.sty
Package: fancyvrb 2023/01/19 4.5a verbatim text (tvz,hv)
\FV@CodeLineNo=\count330
\FV@InFile=\read4
\FV@TabBox=\box90
\c@FancyVerbLine=\count331
\FV@StepNumber=\count332
\FV@OutFile=\write4
)
(/nix/store/zmhdmwaazlk51hnn80b5kqn50ary8ckl-texlive-combined-full-2022-final-t
exmfdist/tex/latex/upquote/upquote.sty
Package: upquote 2012/04/19 v1.3 upright-quote and grave-accent glyphs in verba
tim

(/nix/store/zmhdmwaazlk51hnn80b5kqn50ary8ckl-texlive-combined-full-2022-final-t
exmfdist/tex/latex/base/textcomp.sty
Package: textcomp 2020/02/02 v2.0n Standard LaTeX package
))
(/nix/store/zmhdmwaazlk51hnn80b5kqn50ary8ckl-texlive-combined-full-2022-final-t
exmfdist/tex/latex/lineno/lineno.sty
Package: lineno 2023/01/19 line numbers on paragraphs v5.1
\linenopenalty=\count333
\output=\toks44
\linenoprevgraf=\count334
\linenumbersep=\dimen286
\linenumberwidth=\dimen287
\c@linenumber=\count335
\c@pagewiselinenumber=\count336
\c@LN@truepage=\count337
\c@internallinenumber=\count338
\c@internallinenumbers=\count339
\quotelinenumbersep=\dimen288
\bframerule=\dimen289
\bframesep=\dimen290
\bframebox=\box91
\linenoamsmath@ams@eqpen=\count340
LaTeX Info: Redefining \\ on input line 3131.
)
\c@FV@TrueTabGroupLevel=\count341
\c@FV@TrueTabCounter=\count342
\FV@TabBox@Group=\box92
\FV@TmpLength=\skip58
\c@FV@HighlightLinesStart=\count343
\c@FV@HighlightLinesStop=\count344
\FV@LoopCount=\count345
\FV@NCharsBox=\box93
\FV@BreakIndent=\dimen291
\FV@BreakIndentNChars=\count346
\FV@BreakSymbolSepLeft=\dimen292
\FV@BreakSymbolSepLeftNChars=\count347
\FV@BreakSymbolSepRight=\dimen293
\FV@BreakSymbolSepRightNChars=\count348
\FV@BreakSymbolIndentLeft=\dimen294
\FV@BreakSymbolIndentLeftNChars=\count349
\FV@BreakSymbolIndentRight=\dimen295
\FV@BreakSymbolIndentRightNChars=\count350
\c@FancyVerbLineBreakLast=\count351
\FV@LineBox=\box94
\FV@LineIndentBox=\box95
\c@FV@BreakBufferDepth=\count352
\FV@LineWidth=\dimen296
)
(/nix/store/zmhdmwaazlk51hnn80b5kqn50ary8ckl-texlive-combined-full-2022-final-t
exmfdist/tex/latex/ifplatform/ifplatform.sty
Package: ifplatform 2017/10/13 v0.4a Testing for the operating system

(/nix/store/zmhdmwaazlk51hnn80b5kqn50ary8ckl-texlive-combined-full-2022-final-t
exmfdist/tex/generic/catchfile/catchfile.sty
Package: catchfile 2019/12/09 v1.8 Catch the contents of a file (HO)

(/nix/store/zmhdmwaazlk51hnn80b5kqn50ary8ckl-texlive-combined-full-2022-final-t
exmfdist/tex/generic/etexcmds/etexcmds.sty
Package: etexcmds 2019/12/15 v1.7 Avoid name clashes with e-TeX commands (HO)
))
runsystem(uname -s > "assignments.w18")...executed
 (./assignments.w18)
runsystem(rm -- "assignments.w18")...executed
)
(/nix/store/zmhdmwaazlk51hnn80b5kqn50ary8ckl-texlive-combined-full-2022-final-t
exmfdist/tex/generic/xstring/xstring.sty
(/nix/store/zmhdmwaazlk51hnn80b5kqn50ary8ckl-texlive-combined-full-2022-final-t
exmfdist/tex/generic/xstring/xstring.tex
\integerpart=\count353
\decimalpart=\count354
)
Package: xstring 2023/01/14 v1.85 String manipulations (CT)
)
(/nix/store/zmhdmwaazlk51hnn80b5kqn50ary8ckl-texlive-combined-full-2022-final-t
exmfdist/tex/latex/framed/framed.sty
Package: framed 2011/10/22 v 0.96: framed or shaded text with page breaks
\OuterFrameSep=\skip59
\fb@frw=\dimen297
\fb@frh=\dimen298
\FrameRule=\dimen299
\FrameSep=\dimen300
)
(/nix/store/zmhdmwaazlk51hnn80b5kqn50ary8ckl-texlive-combined-full-2022-final-t
exmfdist/tex/latex/float/float.sty
Package: float 2001/11/08 v1.3d Float enhancements (AL)
\c@float@type=\count355
\float@exts=\toks45
\float@box=\box96
\@float@everytoks=\toks46
\@floatcapt=\box97
)
\minted@appexistsfile=\read5
\minted@bgbox=\box98
\minted@code=\write5
\c@minted@FancyVerbLineTemp=\count356
\c@minted@pygmentizecounter=\count357
\@float@every@listing=\toks47
\c@listing=\count358
)
runsystem(mkdir -p _minted-assignments)...executed

(/nix/store/zmhdmwaazlk51hnn80b5kqn50ary8ckl-texlive-combined-full-2022-final-t
exmfdist/tex/latex/adjustbox/adjustbox.sty
Package: adjustbox 2022/10/17 v1.3a Adjusting TeX boxes (trim, clip, ...)

(/nix/store/zmhdmwaazlk51hnn80b5kqn50ary8ckl-texlive-combined-full-2022-final-t
exmfdist/tex/latex/xkeyval/xkeyval.sty
Package: xkeyval 2022/06/16 v2.9 package option processing (HA)

(/nix/store/zmhdmwaazlk51hnn80b5kqn50ary8ckl-texlive-combined-full-2022-final-t
exmfdist/tex/generic/xkeyval/xkeyval.tex
(/nix/store/zmhdmwaazlk51hnn80b5kqn50ary8ckl-texlive-combined-full-2022-final-t
exmfdist/tex/generic/xkeyval/xkvutils.tex
\XKV@toks=\toks48
\XKV@tempa@toks=\toks49
)
\XKV@depth=\count359
File: xkeyval.tex 2014/12/03 v2.7a key=value parser (HA)
))
(/nix/store/zmhdmwaazlk51hnn80b5kqn50ary8ckl-texlive-combined-full-2022-final-t
exmfdist/tex/latex/adjustbox/adjcalc.sty
Package: adjcalc 2012/05/16 v1.1 Provides advanced setlength with multiple back
-ends (calc, etex, pgfmath)
)
(/nix/store/zmhdmwaazlk51hnn80b5kqn50ary8ckl-texlive-combined-full-2022-final-t
exmfdist/tex/latex/adjustbox/trimclip.sty
Package: trimclip 2020/08/19 v1.2 Trim and clip general TeX material

(/nix/store/zmhdmwaazlk51hnn80b5kqn50ary8ckl-texlive-combined-full-2022-final-t
exmfdist/tex/latex/collectbox/collectbox.sty
Package: collectbox 2022/10/17 v0.4c Collect macro arguments as boxes
\collectedbox=\box99
)
\tc@llx=\dimen301
\tc@lly=\dimen302
\tc@urx=\dimen303
\tc@ury=\dimen304

(/nix/store/zmhdmwaazlk51hnn80b5kqn50ary8ckl-texlive-combined-full-2022-final-t
exmfdist/tex/latex/adjustbox/tc-pgf.def
File: tc-pgf.def 2019/01/04 v2.2 trimclip fall-back clipping driver using PGF
)
Package trimclip Info: No clipping driver 'tc-luatex.def' available.
(trimclip)             Using fall-back PGF driver.
)
\adjbox@Width=\dimen305
\adjbox@Height=\dimen306
\adjbox@Depth=\dimen307
\adjbox@Totalheight=\dimen308
\adjbox@pwidth=\dimen309
\adjbox@pheight=\dimen310
\adjbox@pdepth=\dimen311
\adjbox@ptotalheight=\dimen312

(/nix/store/zmhdmwaazlk51hnn80b5kqn50ary8ckl-texlive-combined-full-2022-final-t
exmfdist/tex/latex/ifoddpage/ifoddpage.sty
Package: ifoddpage 2022/10/18 v1.2 Conditionals for odd/even page detection
\c@checkoddpage=\count360
)
(/nix/store/zmhdmwaazlk51hnn80b5kqn50ary8ckl-texlive-combined-full-2022-final-t
exmfdist/tex/latex/varwidth/varwidth.sty
Package: varwidth 2009/03/30 ver 0.92;  Variable-width minipages
\@vwid@box=\box100
\sift@deathcycles=\count361
\@vwid@loff=\dimen313
\@vwid@roff=\dimen314
))
(/nix/store/zmhdmwaazlk51hnn80b5kqn50ary8ckl-texlive-combined-full-2022-final-t
exmfdist/tex/latex/hyperref/hyperref.sty
Package: hyperref 2023-02-07 v7.00v Hypertext links for LaTeX

(/nix/store/zmhdmwaazlk51hnn80b5kqn50ary8ckl-texlive-combined-full-2022-final-t
exmfdist/tex/generic/kvdefinekeys/kvdefinekeys.sty
Package: kvdefinekeys 2019-12-19 v1.6 Define keys (HO)
)
(/nix/store/zmhdmwaazlk51hnn80b5kqn50ary8ckl-texlive-combined-full-2022-final-t
exmfdist/tex/generic/pdfescape/pdfescape.sty
Package: pdfescape 2019/12/09 v1.15 Implements pdfTeX's escape features (HO)
)
(/nix/store/zmhdmwaazlk51hnn80b5kqn50ary8ckl-texlive-combined-full-2022-final-t
exmfdist/tex/latex/hycolor/hycolor.sty
Package: hycolor 2020-01-27 v1.10 Color options for hyperref/bookmark (HO)
)
(/nix/store/zmhdmwaazlk51hnn80b5kqn50ary8ckl-texlive-combined-full-2022-final-t
exmfdist/tex/latex/letltxmacro/letltxmacro.sty
Package: letltxmacro 2019/12/03 v1.6 Let assignment for LaTeX macros (HO)
)
(/nix/store/zmhdmwaazlk51hnn80b5kqn50ary8ckl-texlive-combined-full-2022-final-t
exmfdist/tex/latex/auxhook/auxhook.sty
Package: auxhook 2019-12-17 v1.6 Hooks for auxiliary files (HO)
)
(/nix/store/zmhdmwaazlk51hnn80b5kqn50ary8ckl-texlive-combined-full-2022-final-t
exmfdist/tex/latex/hyperref/nameref.sty
Package: nameref 2022-05-17 v2.50 Cross-referencing by name of section

(/nix/store/zmhdmwaazlk51hnn80b5kqn50ary8ckl-texlive-combined-full-2022-final-t
exmfdist/tex/latex/refcount/refcount.sty
Package: refcount 2019/12/15 v3.6 Data extraction from label references (HO)
)
(/nix/store/zmhdmwaazlk51hnn80b5kqn50ary8ckl-texlive-combined-full-2022-final-t
exmfdist/tex/generic/gettitlestring/gettitlestring.sty
Package: gettitlestring 2019/12/15 v1.6 Cleanup title references (HO)
)
\c@section@level=\count362
)
\@linkdim=\dimen315
\Hy@linkcounter=\count363
\Hy@pagecounter=\count364

(/nix/store/zmhdmwaazlk51hnn80b5kqn50ary8ckl-texlive-combined-full-2022-final-t
exmfdist/tex/latex/hyperref/pd1enc.def
File: pd1enc.def 2023-02-07 v7.00v Hyperref: PDFDocEncoding definition (HO)
)
(/nix/store/zmhdmwaazlk51hnn80b5kqn50ary8ckl-texlive-combined-full-2022-final-t
exmfdist/tex/generic/intcalc/intcalc.sty
Package: intcalc 2019/12/15 v1.3 Expandable calculations with integers (HO)
)
\Hy@SavedSpaceFactor=\count365

(/nix/store/zmhdmwaazlk51hnn80b5kqn50ary8ckl-texlive-combined-full-2022-final-t
exmfdist/tex/latex/hyperref/puenc.def
File: puenc.def 2023-02-07 v7.00v Hyperref: PDF Unicode definition (HO)
)
Package hyperref Info: Hyper figures OFF on input line 4177.
Package hyperref Info: Link nesting OFF on input line 4182.
Package hyperref Info: Hyper index ON on input line 4185.
Package hyperref Info: Plain pages OFF on input line 4192.
Package hyperref Info: Backreferencing OFF on input line 4197.
Package hyperref Info: Implicit mode ON; LaTeX internals redefined.
Package hyperref Info: Bookmarks ON on input line 4425.
\c@Hy@tempcnt=\count366

(/nix/store/zmhdmwaazlk51hnn80b5kqn50ary8ckl-texlive-combined-full-2022-final-t
exmfdist/tex/latex/url/url.sty
\Urlmuskip=\muskip17
Package: url 2013/09/16  ver 3.4  Verb mode for urls, etc.
)
LaTeX Info: Redefining \url on input line 4763.
\XeTeXLinkMargin=\dimen316

(/nix/store/zmhdmwaazlk51hnn80b5kqn50ary8ckl-texlive-combined-full-2022-final-t
exmfdist/tex/generic/bitset/bitset.sty
Package: bitset 2019/12/09 v1.3 Handle bit-vector datatype (HO)

(/nix/store/zmhdmwaazlk51hnn80b5kqn50ary8ckl-texlive-combined-full-2022-final-t
exmfdist/tex/generic/bigintcalc/bigintcalc.sty
Package: bigintcalc 2019/12/15 v1.5 Expandable calculations on big integers (HO
)
))
\Fld@menulength=\count367
\Field@Width=\dimen317
\Fld@charsize=\dimen318
Package hyperref Info: Hyper figures OFF on input line 6042.
Package hyperref Info: Link nesting OFF on input line 6047.
Package hyperref Info: Hyper index ON on input line 6050.
Package hyperref Info: backreferencing OFF on input line 6057.
Package hyperref Info: Link coloring OFF on input line 6062.
Package hyperref Info: Link coloring with OCG OFF on input line 6067.
Package hyperref Info: PDF/A mode OFF on input line 6072.

(/nix/store/zmhdmwaazlk51hnn80b5kqn50ary8ckl-texlive-combined-full-2022-final-t
exmfdist/tex/latex/base/atbegshi-ltx.sty
Package: atbegshi-ltx 2021/01/10 v1.0c Emulation of the original atbegshi
package with kernel methods
)
\Hy@abspage=\count368
\c@Item=\count369
\c@Hfootnote=\count370
)
Package hyperref Info: Driver (autodetected): hluatex.

(/nix/store/zmhdmwaazlk51hnn80b5kqn50ary8ckl-texlive-combined-full-2022-final-t
exmfdist/tex/latex/hyperref/hluatex.def
File: hluatex.def 2023-02-07 v7.00v Hyperref driver for luaTeX

(/nix/store/zmhdmwaazlk51hnn80b5kqn50ary8ckl-texlive-combined-full-2022-final-t
exmfdist/tex/generic/stringenc/stringenc.sty
Package: stringenc 2019/11/29 v1.12 Convert strings between diff. encodings (HO
)
)
(/nix/store/zmhdmwaazlk51hnn80b5kqn50ary8ckl-texlive-combined-full-2022-final-t
exmfdist/tex/latex/base/atveryend-ltx.sty
Package: atveryend-ltx 2020/08/19 v1.0a Emulation of the original atveryend pac
kage
with kernel methods
)
\Fld@listcount=\count371
\c@bookmark@seq@number=\count372

(/nix/store/zmhdmwaazlk51hnn80b5kqn50ary8ckl-texlive-combined-full-2022-final-t
exmfdist/tex/latex/rerunfilecheck/rerunfilecheck.sty
Package: rerunfilecheck 2022-07-10 v1.10 Rerun checks for auxiliary files (HO)

(/nix/store/zmhdmwaazlk51hnn80b5kqn50ary8ckl-texlive-combined-full-2022-final-t
exmfdist/tex/generic/uniquecounter/uniquecounter.sty
Package: uniquecounter 2019/12/15 v1.4 Provide unlimited unique counter (HO)
)
Package uniquecounter Info: New unique counter `rerunfilecheck' on input line 2
85.
)
\Hy@SectionHShift=\skip60
)
Package hyperref Info: Option `colorlinks' set `true' on input line 66.

(/nix/store/zmhdmwaazlk51hnn80b5kqn50ary8ckl-texlive-combined-full-2022-final-t
exmfdist/tex/latex/fontspec/fontspec.sty
(/nix/store/zmhdmwaazlk51hnn80b5kqn50ary8ckl-texlive-combined-full-2022-final-t
exmfdist/tex/latex/l3packages/xparse/xparse.sty
(/nix/store/zmhdmwaazlk51hnn80b5kqn50ary8ckl-texlive-combined-full-2022-final-t
exmfdist/tex/latex/l3kernel/expl3.sty
Package: expl3 2023-02-22 L3 programming layer (loader) 

(/nix/store/zmhdmwaazlk51hnn80b5kqn50ary8ckl-texlive-combined-full-2022-final-t
exmfdist/tex/latex/l3backend/l3backend-luatex.def
File: l3backend-luatex.def 2023-01-16 L3 backend support: PDF output (LuaTeX)
\l__color_backend_stack_int=\count373
\l__pdf_internal_box=\box101
))
Package: xparse 2023-02-02 L3 Experimental document command parser
)
Package: fontspec 2022/01/15 v2.8a Font selection for XeLaTeX and LuaLaTeX
Lua module: fontspec 2022/01/15 2.8a Font selection for XeLaTeX and LuaLaTeX
(/nix/store/zmhdmwaazlk51hnn80b5kqn50ary8ckl-texlive-combined-full-2022-final-t
exmfdist/tex/latex/fontspec/fontspec-luatex.sty
Package: fontspec-luatex 2022/01/15 v2.8a Font selection for XeLaTeX and LuaLaT
eX
\l__fontspec_script_int=\count374
\l__fontspec_language_int=\count375
\l__fontspec_strnum_int=\count376
\l__fontspec_tmp_int=\count377
\l__fontspec_tmpa_int=\count378
\l__fontspec_tmpb_int=\count379
\l__fontspec_tmpc_int=\count380
\l__fontspec_em_int=\count381
\l__fontspec_emdef_int=\count382
\l__fontspec_strong_int=\count383
\l__fontspec_strongdef_int=\count384
\l__fontspec_tmpa_dim=\dimen319
\l__fontspec_tmpb_dim=\dimen320
\l__fontspec_tmpc_dim=\dimen321

(/nix/store/zmhdmwaazlk51hnn80b5kqn50ary8ckl-texlive-combined-full-2022-final-t
exmfdist/tex/latex/base/fontenc.sty
Package: fontenc 2021/04/29 v2.0v Standard LaTeX package
)
(/nix/store/zmhdmwaazlk51hnn80b5kqn50ary8ckl-texlive-combined-full-2022-final-t
exmfdist/tex/latex/fontspec/fontspec.cfg)))
luaotfload | cache : Lookup cache loaded from /home/david/.texlive2022/texmf-var
/luatex-cache/generic/names/luaotfload-lookup-cache.luc.

Package fontspec Info: Font family 'JetBrainsMonoNerdFontMono(0)' created for
(fontspec)             font 'JetBrainsMono Nerd Font Mono' with options
(fontspec)             [WordSpace={1,0,0},HyphenChar=None,PunctuationSpace=Word
Space,Renderer=Harfbuzz].
(fontspec)              
(fontspec)              This font family consists of the following NFSS
(fontspec)             series/shapes:
(fontspec)              
(fontspec)             - 'normal' (m/n) with NFSS spec.:
(fontspec)             <->"JetBrainsMonoNerdFontMono:mode=harf;script=latn;lang
uage=dflt;"
(fontspec)             - 'small caps'  (m/sc) with NFSS spec.: 
(fontspec)             and font adjustment code:
(fontspec)             \fontdimen 2\font =1\fontdimen 2\font \fontdimen 3\font
(fontspec)             =0\fontdimen 3\font \fontdimen 4\font =0\fontdimen
(fontspec)             4\font \fontdimen 7\font =0\fontdimen 2\font
(fontspec)             \tex_hyphenchar:D \font =-1\scan_stop: 
(fontspec)             - 'bold' (b/n) with NFSS spec.:
(fontspec)             <->"JetBrainsMonoNerdFontMono/B:mode=harf;script=latn;la
nguage=dflt;"
(fontspec)             - 'bold small caps'  (b/sc) with NFSS spec.: 
(fontspec)             and font adjustment code:
(fontspec)             \fontdimen 2\font =1\fontdimen 2\font \fontdimen 3\font
(fontspec)             =0\fontdimen 3\font \fontdimen 4\font =0\fontdimen
(fontspec)             4\font \fontdimen 7\font =0\fontdimen 2\font
(fontspec)             \tex_hyphenchar:D \font =-1\scan_stop: 
(fontspec)             - 'italic' (m/it) with NFSS spec.:
(fontspec)             <->"JetBrainsMonoNerdFontMono/I:mode=harf;script=latn;la
nguage=dflt;"
(fontspec)             - 'italic small caps'  (m/scit) with NFSS spec.: 
(fontspec)             and font adjustment code:
(fontspec)             \fontdimen 2\font =1\fontdimen 2\font \fontdimen 3\font
(fontspec)             =0\fontdimen 3\font \fontdimen 4\font =0\fontdimen
(fontspec)             4\font \fontdimen 7\font =0\fontdimen 2\font
(fontspec)             \tex_hyphenchar:D \font =-1\scan_stop: 
(fontspec)             - 'bold italic' (b/it) with NFSS spec.:
(fontspec)             <->"JetBrainsMonoNerdFontMono/BI:mode=harf;script=latn;l
anguage=dflt;"
(fontspec)             - 'bold italic small caps'  (b/scit) with NFSS spec.: 
(fontspec)             and font adjustment code:
(fontspec)             \fontdimen 2\font =1\fontdimen 2\font \fontdimen 3\font
(fontspec)             =0\fontdimen 3\font \fontdimen 4\font =0\fontdimen
(fontspec)             4\font \fontdimen 7\font =0\fontdimen 2\font
(fontspec)             \tex_hyphenchar:D \font =-1\scan_stop: 


(/nix/store/zmhdmwaazlk51hnn80b5kqn50ary8ckl-texlive-combined-full-2022-final-t
exmfdist/tex/latex/fancyhdr/fancyhdr.sty
Package: fancyhdr 2022/11/09 v4.1 Extensive control of page headers and footers

\f@nch@headwidth=\skip61
\f@nch@O@elh=\skip62
\f@nch@O@erh=\skip63
\f@nch@O@olh=\skip64
\f@nch@O@orh=\skip65
\f@nch@O@elf=\skip66
\f@nch@O@erf=\skip67
\f@nch@O@olf=\skip68
\f@nch@O@orf=\skip69
))
(/nix/store/zmhdmwaazlk51hnn80b5kqn50ary8ckl-texlive-combined-full-2022-final-t
exmfdist/tex/latex/tools/longtable.sty
Package: longtable 2021-09-01 v4.17 Multi-page Table package (DPC)
\LTleft=\skip70
\LTright=\skip71
\LTpre=\skip72
\LTpost=\skip73
\LTchunksize=\count385
\LTcapwidth=\dimen322
\LT@head=\box102
\LT@firsthead=\box103
\LT@foot=\box104
\LT@lastfoot=\box105
\LT@gbox=\box106
\LT@cols=\count386
\LT@rows=\count387
\c@LT@tables=\count388
\c@LT@chunks=\count389
\LT@p@ftn=\toks50
)
(/nix/store/zmhdmwaazlk51hnn80b5kqn50ary8ckl-texlive-combined-full-2022-final-t
exmfdist/tex/latex/wrapfig/wrapfig.sty
\wrapoverhang=\dimen323
\WF@size=\dimen324
\c@WF@wrappedlines=\count390
\WF@box=\box107
\WF@everypar=\toks51
Package: wrapfig 2003/01/31  v 3.6
)
(/nix/store/zmhdmwaazlk51hnn80b5kqn50ary8ckl-texlive-combined-full-2022-final-t
exmfdist/tex/latex/graphics/rotating.sty
Package: rotating 2016/08/11 v2.16d rotated objects in LaTeX
\c@r@tfl@t=\count391
\rotFPtop=\skip74
\rotFPbot=\skip75
\rot@float@box=\box108
\rot@mess@toks=\toks52
)
(/nix/store/zmhdmwaazlk51hnn80b5kqn50ary8ckl-texlive-combined-full-2022-final-t
exmfdist/tex/generic/ulem/ulem.sty
\UL@box=\box109
\UL@hyphenbox=\box110
\UL@skip=\skip76
\UL@hook=\toks53
\UL@height=\dimen325
\UL@pe=\count392
\UL@pixel=\dimen326
\ULC@box=\box111
Package: ulem 2019/11/18
\ULdepth=\dimen327
)
(/nix/store/zmhdmwaazlk51hnn80b5kqn50ary8ckl-texlive-combined-full-2022-final-t
exmfdist/tex/latex/amsfonts/amssymb.sty
Package: amssymb 2013/01/14 v3.01 AMS font symbols

(/nix/store/zmhdmwaazlk51hnn80b5kqn50ary8ckl-texlive-combined-full-2022-final-t
exmfdist/tex/latex/amsfonts/amsfonts.sty
Package: amsfonts 2013/01/14 v3.01 Basic AMSFonts support
\symAMSa=\mathgroup4
\symAMSb=\mathgroup5
LaTeX Font Info:    Redeclaring math symbol \hbar on input line 98.
LaTeX Font Info:    Overwriting math alphabet `\mathfrak' in version `bold'
(Font)                  U/euf/m/n --> U/euf/b/n on input line 106.
))
(/nix/store/zmhdmwaazlk51hnn80b5kqn50ary8ckl-texlive-combined-full-2022-final-t
exmfdist/tex/latex/capt-of/capt-of.sty
Package: capt-of 2009/12/29 v0.2 standard captions outside of floats
)
(/nix/store/zmhdmwaazlk51hnn80b5kqn50ary8ckl-texlive-combined-full-2022-final-t
exmfdist/tex/latex/physics/physics.sty
Package: physics 
)
Package translations Info: No language package found. I am going to use `englis
h' as default language. on input line 25.
runsystem(which pygmentize && touch assignments.aex)...executed
runsystem(rm assignments.aex)...executed
 (./assignments.aux)
\openout1 = assignments.aux

LaTeX Font Info:    Checking defaults for OML/cmm/m/it on input line 25.
LaTeX Font Info:    ... okay on input line 25.
LaTeX Font Info:    Checking defaults for OMS/cmsy/m/n on input line 25.
LaTeX Font Info:    ... okay on input line 25.
LaTeX Font Info:    Checking defaults for OT1/cmr/m/n on input line 25.
LaTeX Font Info:    ... okay on input line 25.
LaTeX Font Info:    Checking defaults for T1/cmr/m/n on input line 25.
LaTeX Font Info:    ... okay on input line 25.
LaTeX Font Info:    Checking defaults for TS1/cmr/m/n on input line 25.
LaTeX Font Info:    Trying to load font information for TS1+cmr on input line 2
5.

(/nix/store/zmhdmwaazlk51hnn80b5kqn50ary8ckl-texlive-combined-full-2022-final-t
exmfdist/tex/latex/base/ts1cmr.fd
File: ts1cmr.fd 2022/07/10 v2.5l Standard LaTeX font definitions
)
LaTeX Font Info:    ... okay on input line 25.
LaTeX Font Info:    Checking defaults for TU/lmr/m/n on input line 25.
LaTeX Font Info:    ... okay on input line 25.
LaTeX Font Info:    Checking defaults for OMX/cmex/m/n on input line 25.
LaTeX Font Info:    ... okay on input line 25.
LaTeX Font Info:    Checking defaults for U/cmr/m/n on input line 25.
LaTeX Font Info:    ... okay on input line 25.
LaTeX Font Info:    Checking defaults for PD1/pdf/m/n on input line 25.
LaTeX Font Info:    ... okay on input line 25.
LaTeX Font Info:    Checking defaults for PU/pdf/m/n on input line 25.
LaTeX Font Info:    ... okay on input line 25.


Package siunitx Warning: Detected the "physics" package:
(siunitx)                omitting definition of \qty.
(siunitx)                
(siunitx)                If you want to use \qty with the siunitx definition,
(siunitx)                add 
(siunitx)                
(siunitx)                    \AtBeginDocument{\RenewCommandCopy\qty\SI}
(siunitx)                
(siunitx)                to your preamble.


(/nix/store/zmhdmwaazlk51hnn80b5kqn50ary8ckl-texlive-combined-full-2022-final-t
exmfdist/tex/latex/translations/translations-basic-dictionary-english.trsl
File: translations-basic-dictionary-english.trsl (english translation file `tra
nslations-basic-dictionary')
)
Package translations Info: loading dictionary `translations-basic-dictionary' f
or `english'. on input line 25.
\symgns@font=\mathgroup6
LaTeX Font Info:    Overwriting symbol font `gns@font' in version `bold'
(Font)                  TS1/lmr/m/n --> TS1/lmr/b/n on input line 25.
Package gensymb Info: Math companion symbols declared on input line 25.
LaTeX Info: Redefining \degree on input line 25.
LaTeX Info: Redefining \celsius on input line 25.
Package gensymb Info: Using text companion symbols for \degree, \celsius and \p
erthousand on input line 25.
LaTeX Info: Redefining \ohm on input line 25.
Package gensymb Info: Using \textohm for \ohm on input line 25.
LaTeX Info: Redefining \micro on input line 25.
Package gensymb Info: Using \textmu for \micro on input line 25.

(/nix/store/zmhdmwaazlk51hnn80b5kqn50ary8ckl-texlive-combined-full-2022-final-t
exmfdist/tex/context/base/mkii/supp-pdf.mkii
[Loading MPS to PDF converter (version 2006.09.02).]
\scratchcounter=\count393
\scratchdimen=\dimen328
\scratchbox=\box112
\nofMPsegments=\count394
\nofMParguments=\count395
\everyMPshowfont=\toks54
\MPscratchCnt=\count396
\MPscratchDim=\dimen329
\MPnumerator=\count397
\makeMPintoPDFobject=\count398
\everyMPtoPDFconversion=\toks55
)
(/nix/store/zmhdmwaazlk51hnn80b5kqn50ary8ckl-texlive-combined-full-2022-final-t
exmfdist/tex/latex/epstopdf-pkg/epstopdf-base.sty
Package: epstopdf-base 2020-01-24 v2.11 Base part for package epstopdf
Package epstopdf-base Info: Redefining graphics rule for `.eps' on input line 4
85.

(/nix/store/zmhdmwaazlk51hnn80b5kqn50ary8ckl-texlive-combined-full-2022-final-t
exmfdist/tex/latex/latexconfig/epstopdf-sys.cfg
File: epstopdf-sys.cfg 2010/07/13 v1.3 Configuration of (r)epstopdf for TeX Liv
e
))
(/nix/store/zmhdmwaazlk51hnn80b5kqn50ary8ckl-texlive-combined-full-2022-final-t
exmfdist/tex/latex/pdflscape/pdflscape.sty
Package: pdflscape 2022-10-27 v0.13 Display of landscape pages in PDF

(/nix/store/zmhdmwaazlk51hnn80b5kqn50ary8ckl-texlive-combined-full-2022-final-t
exmfdist/tex/latex/pdflscape/pdflscape-nometadata.sty
Package: pdflscape-nometadata 2022-10-28 v0.13 Display of landscape pages in PD
F (HO)

(/nix/store/zmhdmwaazlk51hnn80b5kqn50ary8ckl-texlive-combined-full-2022-final-t
exmfdist/tex/latex/graphics/lscape.sty
Package: lscape 2020/05/28 v3.02 Landscape Pages (DPC)
)
Package pdflscape Info: Auto-detected driver: pdftex on input line 81.
))
*geometry* driver: auto-detecting
*geometry* detected driver: luatex
*geometry* verbose mode - [ preamble ] result:
* driver: luatex
* paper: letterpaper
* layout: <same size as paper>
* layoutoffset:(h,v)=(0.0pt,0.0pt)
* modes: 
* h-part:(L,W,R)=(72.26999pt, 469.75502pt, 72.26999pt)
* v-part:(T,H,B)=(72.26999pt, 650.43001pt, 72.26999pt)
* \paperwidth=614.295pt
* \paperheight=794.96999pt
* \textwidth=469.75502pt
* \textheight=650.43001pt
* \oddsidemargin=0.0pt
* \evensidemargin=0.0pt
* \topmargin=-37.0pt
* \headheight=12.0pt
* \headsep=25.0pt
* \topskip=12.0pt
* \footskip=30.0pt
* \marginparwidth=44.0pt
* \marginparsep=10.0pt
* \columnsep=10.0pt
* \skip\footins=10.8pt plus 4.0pt minus 2.0pt
* \hoffset=0.0pt
* \voffset=0.0pt
* \mag=1000
* \@twocolumnfalse
* \@twosidefalse
* \@mparswitchfalse
* \@reversemarginfalse
* (1in=72.27pt=25.4mm, 1cm=28.453pt)

\c@lstlisting=\count399
Package hyperref Info: Link coloring ON on input line 25.
\@outlinefile=\write6

\openout6 = assignments.out

Package fontspec Info: Adjusting the maths setup (use [no-math] to avoid
(fontspec)             this).

\symlegacymaths=\mathgroup7
LaTeX Font Info:    Overwriting symbol font `legacymaths' in version `bold'
(Font)                  OT1/cmr/m/n --> OT1/cmr/bx/n on input line 25.
LaTeX Font Info:    Redeclaring math accent \acute on input line 25.
LaTeX Font Info:    Redeclaring math accent \grave on input line 25.
LaTeX Font Info:    Redeclaring math accent \ddot on input line 25.
LaTeX Font Info:    Redeclaring math accent \tilde on input line 25.
LaTeX Font Info:    Redeclaring math accent \bar on input line 25.
LaTeX Font Info:    Redeclaring math accent \breve on input line 25.
LaTeX Font Info:    Redeclaring math accent \check on input line 25.
LaTeX Font Info:    Redeclaring math accent \hat on input line 25.
LaTeX Font Info:    Redeclaring math accent \dot on input line 25.
LaTeX Font Info:    Redeclaring math accent \mathring on input line 25.
LaTeX Font Info:    Redeclaring math symbol \Gamma on input line 25.
LaTeX Font Info:    Redeclaring math symbol \Delta on input line 25.
LaTeX Font Info:    Redeclaring math symbol \Theta on input line 25.
LaTeX Font Info:    Redeclaring math symbol \Lambda on input line 25.
LaTeX Font Info:    Redeclaring math symbol \Xi on input line 25.
LaTeX Font Info:    Redeclaring math symbol \Pi on input line 25.
LaTeX Font Info:    Redeclaring math symbol \Sigma on input line 25.
LaTeX Font Info:    Redeclaring math symbol \Upsilon on input line 25.
LaTeX Font Info:    Redeclaring math symbol \Phi on input line 25.
LaTeX Font Info:    Redeclaring math symbol \Psi on input line 25.
LaTeX Font Info:    Redeclaring math symbol \Omega on input line 25.
LaTeX Font Info:    Redeclaring math symbol \mathdollar on input line 25.
LaTeX Font Info:    Redeclaring symbol font `operators' on input line 25.
LaTeX Font Info:    Encoding `OT1' has changed to `TU' for symbol font
(Font)              `operators' in the math version `normal' on input line 25.
LaTeX Font Info:    Overwriting symbol font `operators' in version `normal'
(Font)                  OT1/cmr/m/n --> TU/lmr/m/n on input line 25.
LaTeX Font Info:    Encoding `OT1' has changed to `TU' for symbol font
(Font)              `operators' in the math version `bold' on input line 25.
LaTeX Font Info:    Overwriting symbol font `operators' in version `bold'
(Font)                  OT1/cmr/bx/n --> TU/lmr/m/n on input line 25.
LaTeX Font Info:    Overwriting symbol font `operators' in version `normal'
(Font)                  TU/lmr/m/n --> TU/lmr/m/n on input line 25.
LaTeX Font Info:    Overwriting math alphabet `\mathit' in version `normal'
(Font)                  OT1/cmr/m/it --> TU/lmr/m/it on input line 25.
LaTeX Font Info:    Overwriting math alphabet `\mathbf' in version `normal'
(Font)                  OT1/cmr/bx/n --> TU/lmr/b/n on input line 25.
LaTeX Font Info:    Overwriting math alphabet `\mathsf' in version `normal'
(Font)                  OT1/cmss/m/n --> TU/lmss/m/n on input line 25.
LaTeX Font Info:    Overwriting math alphabet `\mathtt' in version `normal'
(Font)                  OT1/cmtt/m/n --> TU/JetBrainsMonoNerdFontMono(0)/m/n on
 input line 25.
LaTeX Font Info:    Overwriting symbol font `operators' in version `bold'
(Font)                  TU/lmr/m/n --> TU/lmr/b/n on input line 25.
LaTeX Font Info:    Overwriting math alphabet `\mathit' in version `bold'
(Font)                  OT1/cmr/bx/it --> TU/lmr/b/it on input line 25.
LaTeX Font Info:    Overwriting math alphabet `\mathsf' in version `bold'
(Font)                  OT1/cmss/bx/n --> TU/lmss/b/n on input line 25.
LaTeX Font Info:    Overwriting math alphabet `\mathtt' in version `bold'
(Font)                  OT1/cmtt/m/n --> TU/JetBrainsMonoNerdFontMono(0)/b/n on
 input line 25.

! LaTeX Error: Can be used only in preamble.

See the LaTeX manual or LaTeX Companion for explanation.
Type  H <return>  for immediate help.
 ...                                              
                                                  
l.27 \NeedsTeXFormat
                  {LaTeX2e}
Your command was ignored.
Type  I <command> <return>  to replace it with another command,
or  <return>  to continue without it.


! LaTeX Error: Can be used only in preamble.

See the LaTeX manual or LaTeX Companion for explanation.
Type  H <return>  for immediate help.
 ...                                              
                                                  
l.28 \ProvidesClass
                 {assignments}[2023/08/16 Assignment LaTeX class]
Your command was ignored.
Type  I <command> <return>  to replace it with another command,
or  <return>  to continue without it.


! LaTeX Error: Can be used only in preamble.

See the LaTeX manual or LaTeX Companion for explanation.
Type  H <return>  for immediate help.
 ...                                              
                                                  
l.32 \LoadClass
             [12pt]{article}
Your command was ignored.
Type  I <command> <return>  to replace it with another command,
or  <return>  to continue without it.


! LaTeX Error: Can be used only in preamble.

See the LaTeX manual or LaTeX Companion for explanation.
Type  H <return>  for immediate help.
 ...                                              
                                                  
l.35 \RequirePackage
                  {siunitx}
Your command was ignored.
Type  I <command> <return>  to replace it with another command,
or  <return>  to continue without it.


! LaTeX Error: Can be used only in preamble.

See the LaTeX manual or LaTeX Companion for explanation.
Type  H <return>  for immediate help.
 ...                                              
                                                  
l.36 \RequirePackage
                  {gensymb}
Your command was ignored.
Type  I <command> <return>  to replace it with another command,
or  <return>  to continue without it.


! LaTeX Error: Can be used only in preamble.

See the LaTeX manual or LaTeX Companion for explanation.
Type  H <return>  for immediate help.
 ...                                              
                                                  
l.39 \RequirePackage
                  {setspace}
Your command was ignored.
Type  I <command> <return>  to replace it with another command,
or  <return>  to continue without it.


! LaTeX Error: Can be used only in preamble.

See the LaTeX manual or LaTeX Companion for explanation.
Type  H <return>  for immediate help.
 ...                                              
                                                  
l.43 \RequirePackage
                  {pdfpages}
Your command was ignored.
Type  I <command> <return>  to replace it with another command,
or  <return>  to continue without it.


! LaTeX Error: Can be used only in preamble.

See the LaTeX manual or LaTeX Companion for explanation.
Type  H <return>  for immediate help.
 ...                                              
                                                  
l.46 \RequirePackage
                  [letterpaper, margin=1in]{geometry}
Your command was ignored.
Type  I <command> <return>  to replace it with another command,
or  <return>  to continue without it.

! Missing control sequence inserted.
<inserted text> 
\inaccessible 
l.48 \global\let$
               \backslash$@captionvalue\(\emptyset\)
Please don't say `\def cs{...}', say `\def\cs{...}'.
I've inserted an inaccessible control sequence so that your
definition will be completed without mixing me up too badly.
You can recover graciously from this error, if you're
careful; see exercise 27.2 in The TeXbook.

! Missing $ inserted.
<inserted text> 
$
l.48 \global\let$\backslash
                         $@captionvalue\(\emptyset\)
I've inserted a begin-math/end-math symbol since I think
you left one out. Proceed, with fingers crossed.

LaTeX Font Info:    Trying to load font information for U+msa on input line 48.


(/nix/store/zmhdmwaazlk51hnn80b5kqn50ary8ckl-texlive-combined-full-2022-final-t
exmfdist/tex/latex/amsfonts/umsa.fd
File: umsa.fd 2013/01/14 v3.01 AMS symbols A
)
LaTeX Font Info:    Trying to load font information for U+msb on input line 48.


(/nix/store/zmhdmwaazlk51hnn80b5kqn50ary8ckl-texlive-combined-full-2022-final-t
exmfdist/tex/latex/amsfonts/umsb.fd
File: umsb.fd 2013/01/14 v3.01 AMS symbols B
)

! LaTeX Error: Can be used only in preamble.

See the LaTeX manual or LaTeX Companion for explanation.
Type  H <return>  for immediate help.
 ...                                              
                                                  
l.50 \RequirePackage
                  [most]{tcolorbox}
Your command was ignored.
Type  I <command> <return>  to replace it with another command,
or  <return>  to continue without it.


! LaTeX Error: Can be used only in preamble.

See the LaTeX manual or LaTeX Companion for explanation.
Type  H <return>  for immediate help.
 ...                                              
                                                  
l.51 \RequirePackage
                  {etoolbox}
Your command was ignored.
Type  I <command> <return>  to replace it with another command,
or  <return>  to continue without it.


! LaTeX Error: Can be used only in preamble.

See the LaTeX manual or LaTeX Companion for explanation.
Type  H <return>  for immediate help.
 ...                                              
                                                  
l.52 \RequirePackage
                  {environ}
Your command was ignored.
Type  I <command> <return>  to replace it with another command,
or  <return>  to continue without it.


! LaTeX Error: Can be used only in preamble.

See the LaTeX manual or LaTeX Companion for explanation.
Type  H <return>  for immediate help.
 ...                                              
                                                  
l.53 \RequirePackage
                  {minted}
Your command was ignored.
Type  I <command> <return>  to replace it with another command,
or  <return>  to continue without it.


! LaTeX Error: Can be used only in preamble.

See the LaTeX manual or LaTeX Companion for explanation.
Type  H <return>  for immediate help.
 ...                                              
                                                  
l.54 \RequirePackage
                  {adjustbox}
Your command was ignored.
Type  I <command> <return>  to replace it with another command,
or  <return>  to continue without it.

! Missing number, treated as zero.
<to be read again> 
\textbraceleft 
l.59 		\ifthenelse\{
                  =\{\(\emptyset\)\}\{$\backslash$@captionvalue\}\}\{
A number should have been here; I inserted `0'.
(If you can't figure out why I needed to see a number,
look up `weird error' in the index to The TeXbook.)

! Missing = inserted for \ifnum.
<to be read again> 
\textbraceleft 
l.59 		\ifthenelse\{
                  =\{\(\emptyset\)\}\{$\backslash$@captionvalue\}\}\{
I was expecting to see `<', `=', or `>'. Didn't.

! Missing number, treated as zero.
<to be read again> 
\textbraceleft 
l.59 		\ifthenelse\{
                  =\{\(\emptyset\)\}\{$\backslash$@captionvalue\}\}\{
A number should have been here; I inserted `0'.
(If you can't figure out why I needed to see a number,
look up `weird error' in the index to The TeXbook.)


Overfull \hbox (115.28403pt too wide) in paragraph at lines 31--60
\TU/lmr/m/n/12 ad-just-box % chk-tex 6   []
 []

! Argument of \document has an extra }.
<inserted text> 
\par 
l.70 ..., skin middle=enhanced, skin last=enhanced]}
                                                  {
I've run across a `}' that doesn't seem to match anything.
For example, `\def\a#1{...}' and `\a}' would produce
this error. If you simply proceed now, the `\par' that
I've just inserted will cause me to report a runaway
argument that might be the root of the problem. But if
your `}' was spurious, just type `2' and it will go away.

Runaway argument?
{##1}\BODY \endtabularold \} \}\{ \tcbox [left=0mm, right=0mm, top=0m\ETC.
! Paragraph ended before \document was complete.
<to be read again> 
\par 
l.70 ..., skin middle=enhanced, skin last=enhanced]}
                                                  {
I suspect you've forgotten a `}', causing me to apply this
control sequence to too much text. How can we recover?
My plan is to forget the whole thing and hope for the best.

! Extra }, or forgotten \endgroup.
<recently read> }
 
l.70 ..., skin middle=enhanced, skin last=enhanced]}
                                                  {
I've deleted a group-closing symbol because it seems to be
spurious, as in `$x}$'. But perhaps the } is legitimate and
you forgot something else, as in `\hbox{$x}'. In such cases
the way to recover is to insert both the forgotten and the
deleted material, e.g., by typing `I$}'.

! You can't use `\spacefactor' in internal vertical mode.
\@->\spacefactor 
                 \@m {}
l.71 ...d, skin last=enhanced, title=\@captionvalue]
                                                  }{
Sorry, but I'm not programmed to handle this case;
I'll just pretend that you didn't ask for it.
If you're in the wrong mode, you might be able to
return to the right one by typing `I}' or `I$' or `I\par'.

! Extra }, or forgotten \endgroup.
l.71 ..., skin last=enhanced, title=\@captionvalue]}
                                                  {
I've deleted a group-closing symbol because it seems to be
spurious, as in `$x}$'. But perhaps the } is legitimate and
you forgot something else, as in `\hbox{$x}'. In such cases
the way to recover is to insert both the forgotten and the
deleted material, e.g., by typing `I$}'.

! Extra }, or forgotten \endgroup.
l.73 	}
     %
I've deleted a group-closing symbol because it seems to be
spurious, as in `$x}$'. But perhaps the } is legitimate and
you forgot something else, as in `\hbox{$x}'. In such cases
the way to recover is to insert both the forgotten and the
deleted material, e.g., by typing `I$}'.

)
Runaway argument?
{\end {tcolorbox} \global \let $\backslash $@captionvalue\(\emptyset \ETC.
! File ended while scanning use of \AddToHook .
<inserted text> 
\par 
<*> assignments.tex
                
I suspect you have forgotten a `}', causing me
to read past where you wanted me to stop.
I'll try to recover; but if the error is serious,
you'd better type `E' or `X' now and fix your file.

! Emergency stop.
<*> assignments.tex
                
*** (job aborted, no legal \end found)



Here is how much of LuaTeX's memory you used:
 40039 strings out of 478290
 100000,1977958 words of node,token memory allocated 6494 words of node memory still in use:
   53 hlist, 2 vlist, 14 rule, 45 disc, 4 local_par, 2 dir, 7 math, 87 glue, 32 
kern, 7 penalty, 419 glyph, 194 attribute, 70 glue_spec, 194 attribute_list, 1 t
emp, 2 write, 68 pdf_literal, 1 pdf_dest, 40 pdf_colorstack nodes
   avail lists: 2:3,3:1,5:1,7:1,8:1,10:3
 58803 multiletter control sequences out of 65536+600000
 50 fonts using 36688319 bytes
 105i,5n,108p,470b,469s stack positions out of 10000i,1000n,20000p,200000b,200000s
!  ==> Fatal error occurred, no output PDF file produced!
